#
# There is insufficient memory for the Java Runtime Environment to continue.
# Native memory allocation (malloc) failed to allocate 1037696 bytes for Chunk::new
# Possible reasons:
#   The system is out of physical RAM or swap space
#   The process is running with CompressedOops enabled, and the Java Heap may be blocking the growth of the native heap
# Possible solutions:
#   Reduce memory load on the system
#   Increase physical memory or swap space
#   Check if swap backing store is full
#   Decrease Java heap size (-Xmx/-Xms)
#   Decrease number of Java threads
#   Decrease Java thread stack sizes (-Xss)
#   Set larger code cache with -XX:ReservedCodeCacheSize=
#   JVM is running with Unscaled Compressed Oops mode in which the Java heap is
#     placed in the first 4GB address space. The Java Heap base address is the
#     maximum limit for the native heap growth. Please use -XX:HeapBaseMinAddress
#     to set the Java Heap base and to place the Java Heap above 4GB virtual address.
# This output file may be truncated or incomplete.
#
#  Out of Memory Error (allocation.cpp:389), pid=7164, tid=0x0000000000003610
#
# JRE version: Java(TM) SE Runtime Environment (8.0_221-b11) (build 1.8.0_221-b11)
# Java VM: Java HotSpot(TM) 64-Bit Server VM (25.221-b11 mixed mode windows-amd64 compressed oops)
# Failed to write core dump. Minidumps are not enabled by default on client versions of Windows
#

---------------  T H R E A D  ---------------

Current thread (0x0000000019b8b000):  JavaThread "C2 CompilerThread0" daemon [_thread_in_native, id=13840, stack(0x000000001a480000,0x000000001a580000)]

Stack: [0x000000001a480000,0x000000001a580000]
[error occurred during error reporting (printing stack bounds), id 0xc0000005]

Native frames: (J=compiled Java code, j=interpreted, Vv=VM code, C=native code)


Current CompileTask:
C2:   3539 1716       4       java.net.URLClassLoader$1::run (5 bytes)


---------------  P R O C E S S  ---------------

Java Threads: ( => current thread )
  0x000000001d1de800 JavaThread "background-preinit" [_thread_in_Java, id=14464, stack(0x000000001e0d0000,0x000000001e1d0000)]
  0x000000001ab1b800 JavaThread "surefire-forkedjvm-ping-30s" daemon [_thread_blocked, id=9932, stack(0x000000001b380000,0x000000001b480000)]
  0x0000000019f5d800 JavaThread "surefire-forkedjvm-command-thread" daemon [_thread_in_native, id=8596, stack(0x000000001b280000,0x000000001b380000)]
  0x0000000019c52800 JavaThread "Service Thread" daemon [_thread_blocked, id=14456, stack(0x000000001a880000,0x000000001a980000)]
  0x0000000019b9d000 JavaThread "C1 CompilerThread3" daemon [_thread_blocked, id=11888, stack(0x000000001a780000,0x000000001a880000)]
  0x0000000019b99800 JavaThread "C2 CompilerThread2" daemon [_thread_in_native, id=15008, stack(0x000000001a680000,0x000000001a780000)]
  0x0000000019b90000 JavaThread "C2 CompilerThread1" daemon [_thread_in_native, id=2552, stack(0x000000001a580000,0x000000001a680000)]
=>0x0000000019b8b000 JavaThread "C2 CompilerThread0" daemon [_thread_in_native, id=13840, stack(0x000000001a480000,0x000000001a580000)]
  0x0000000019b89800 JavaThread "Attach Listener" daemon [_thread_blocked, id=13456, stack(0x000000001a380000,0x000000001a480000)]
  0x0000000019b88800 JavaThread "Signal Dispatcher" daemon [_thread_blocked, id=10044, stack(0x000000001a280000,0x000000001a380000)]
  0x0000000002de8000 JavaThread "Finalizer" daemon [_thread_blocked, id=9980, stack(0x000000001a060000,0x000000001a160000)]
  0x0000000019b80800 JavaThread "Reference Handler" daemon [_thread_blocked, id=11608, stack(0x0000000019f60000,0x000000001a060000)]
  0x0000000002cf2800 JavaThread "main" [_thread_in_Java, id=9224, stack(0x0000000002bf0000,0x0000000002cf0000)]

Other Threads:
  0x0000000017d99800 VMThread [stack: 0x0000000019a60000,0x0000000019b60000] [id=14996]
  0x0000000019c53000 WatcherThread [stack: 0x000000001a980000,0x000000001aa80000] [id=2608]

VM state:not at safepoint (normal execution)

VM Mutex/Monitor currently owned by a thread: None

heap address: 0x0000000081c00000, size: 2020 MB, Compressed Oops mode: 32-bit
Narrow klass base: 0x0000000000000000, Narrow klass shift: 3
Compressed class space size: 1073741824 Address: 0x0000000100000000

Heap:
 PSYoungGen      total 46080K, used 43474K [0x00000000d5f00000, 0x00000000d9680000, 0x0000000100000000)
  eden space 40960K, 98% used [0x00000000d5f00000,0x00000000d8682b40,0x00000000d8700000)
  from space 5120K, 58% used [0x00000000d8c00000,0x00000000d8ef2068,0x00000000d9100000)
  to   space 5120K, 0% used [0x00000000d8700000,0x00000000d8700000,0x00000000d8c00000)
 ParOldGen       total 61952K, used 6848K [0x0000000081c00000, 0x0000000085880000, 0x00000000d5f00000)
  object space 61952K, 11% used [0x0000000081c00000,0x00000000822b0050,0x0000000085880000)
 Metaspace       used 24232K, capacity 25608K, committed 25856K, reserved 1075200K
  class space    used 3198K, capacity 3510K, committed 3584K, reserved 1048576K

Card table byte_map: [0x00000000121b0000,0x00000000125b0000] byte_map_base: 0x0000000011da2000

Marking Bits: (ParMarkBitMap*) 0x0000000075c15ce0
 Begin Bits: [0x0000000013060000, 0x0000000014ff0000)
 End Bits:   [0x0000000014ff0000, 0x0000000016f80000)

Polling page: 0x0000000000d50000

CodeCache: size=245760Kb used=6190Kb max_used=6190Kb free=239569Kb
 bounds [0x0000000002df0000, 0x0000000003400000, 0x0000000011df0000]
 total_blobs=2226 nmethods=1844 adapters=294
 compilation: enabled

Compilation events (10 events):
Event: 3.514 Thread 0x0000000019b9d000 nmethod 1810 0x00000000033e7b10 code [0x00000000033e7c80, 0x00000000033e7e78]
Event: 3.514 Thread 0x0000000019b9d000 1811       3       java.util.AbstractList::listIterator (6 bytes)
Event: 3.514 Thread 0x0000000019b9d000 nmethod 1811 0x00000000033e7f50 code [0x00000000033e80c0, 0x00000000033e82e8]
Event: 3.515 Thread 0x0000000019b9d000 1812       3       org.springframework.core.annotation.AnnotationTypeMappings$$Lambda$226/2143437117::get$Lambda (9 bytes)
Event: 3.515 Thread 0x0000000019b9d000 nmethod 1812 0x00000000033e8390 code [0x00000000033e8500, 0x00000000033e8750]
Event: 3.515 Thread 0x0000000019b9d000 1813       3       org.springframework.core.annotation.AnnotationTypeMappings$$Lambda$226/2143437117::<init> (10 bytes)
Event: 3.516 Thread 0x0000000019b9d000 nmethod 1813 0x00000000033e8850 code [0x00000000033e89a0, 0x00000000033e8b70]
Event: 3.516 Thread 0x0000000019b9d000 1815       3       java.util.ArrayList::clear (39 bytes)
Event: 3.516 Thread 0x0000000019b9d000 nmethod 1815 0x00000000033e8c10 code [0x00000000033e8d80, 0x00000000033e90f0]
Event: 3.516 Thread 0x0000000019b9d000 1814   !   3       org.springframework.util.ClassUtils::forName (247 bytes)

GC Heap History (10 events):
Event: 2.713 GC heap before
{Heap before GC invocations=4 (full 1):
 PSYoungGen      total 38400K, used 36662K [0x00000000d5f00000, 0x00000000d9080000, 0x0000000100000000)
  eden space 33280K, 100% used [0x00000000d5f00000,0x00000000d7f80000,0x00000000d7f80000)
  from space 5120K, 66% used [0x00000000d8480000,0x00000000d87cd838,0x00000000d8980000)
  to   space 5120K, 0% used [0x00000000d7f80000,0x00000000d7f80000,0x00000000d8480000)
 ParOldGen       total 61952K, used 3031K [0x0000000081c00000, 0x0000000085880000, 0x00000000d5f00000)
  object space 61952K, 4% used [0x0000000081c00000,0x0000000081ef5eb8,0x0000000085880000)
 Metaspace       used 14914K, capacity 15976K, committed 16256K, reserved 1067008K
  class space    used 1904K, capacity 2116K, committed 2176K, reserved 1048576K
Event: 2.717 GC heap after
Heap after GC invocations=4 (full 1):
 PSYoungGen      total 38400K, used 4354K [0x00000000d5f00000, 0x00000000d9100000, 0x0000000100000000)
  eden space 33280K, 0% used [0x00000000d5f00000,0x00000000d5f00000,0x00000000d7f80000)
  from space 5120K, 85% used [0x00000000d7f80000,0x00000000d83c0a30,0x00000000d8480000)
  to   space 5120K, 0% used [0x00000000d8c00000,0x00000000d8c00000,0x00000000d9100000)
 ParOldGen       total 61952K, used 3039K [0x0000000081c00000, 0x0000000085880000, 0x00000000d5f00000)
  object space 61952K, 4% used [0x0000000081c00000,0x0000000081ef7eb8,0x0000000085880000)
 Metaspace       used 14914K, capacity 15976K, committed 16256K, reserved 1067008K
  class space    used 1904K, capacity 2116K, committed 2176K, reserved 1048576K
}
Event: 2.944 GC heap before
{Heap before GC invocations=5 (full 1):
 PSYoungGen      total 38400K, used 37634K [0x00000000d5f00000, 0x00000000d9100000, 0x0000000100000000)
  eden space 33280K, 100% used [0x00000000d5f00000,0x00000000d7f80000,0x00000000d7f80000)
  from space 5120K, 85% used [0x00000000d7f80000,0x00000000d83c0a30,0x00000000d8480000)
  to   space 5120K, 0% used [0x00000000d8c00000,0x00000000d8c00000,0x00000000d9100000)
 ParOldGen       total 61952K, used 3039K [0x0000000081c00000, 0x0000000085880000, 0x00000000d5f00000)
  object space 61952K, 4% used [0x0000000081c00000,0x0000000081ef7eb8,0x0000000085880000)
 Metaspace       used 17849K, capacity 19034K, committed 19328K, reserved 1069056K
  class space    used 2366K, capacity 2623K, committed 2688K, reserved 1048576K
Event: 2.950 GC heap after
Heap after GC invocations=5 (full 1):
 PSYoungGen      total 46080K, used 4871K [0x00000000d5f00000, 0x00000000d9680000, 0x0000000100000000)
  eden space 40960K, 0% used [0x00000000d5f00000,0x00000000d5f00000,0x00000000d8700000)
  from space 5120K, 95% used [0x00000000d8c00000,0x00000000d90c1fa8,0x00000000d9100000)
  to   space 5120K, 0% used [0x00000000d8700000,0x00000000d8700000,0x00000000d8c00000)
 ParOldGen       total 61952K, used 3047K [0x0000000081c00000, 0x0000000085880000, 0x00000000d5f00000)
  object space 61952K, 4% used [0x0000000081c00000,0x0000000081ef9eb8,0x0000000085880000)
 Metaspace       used 17849K, capacity 19034K, committed 19328K, reserved 1069056K
  class space    used 2366K, capacity 2623K, committed 2688K, reserved 1048576K
}
Event: 3.118 GC heap before
{Heap before GC invocations=6 (full 1):
 PSYoungGen      total 46080K, used 34235K [0x00000000d5f00000, 0x00000000d9680000, 0x0000000100000000)
  eden space 40960K, 71% used [0x00000000d5f00000,0x00000000d7bacc80,0x00000000d8700000)
  from space 5120K, 95% used [0x00000000d8c00000,0x00000000d90c1fa8,0x00000000d9100000)
  to   space 5120K, 0% used [0x00000000d8700000,0x00000000d8700000,0x00000000d8c00000)
 ParOldGen       total 61952K, used 3047K [0x0000000081c00000, 0x0000000085880000, 0x00000000d5f00000)
  object space 61952K, 4% used [0x0000000081c00000,0x0000000081ef9eb8,0x0000000085880000)
 Metaspace       used 19814K, capacity 21072K, committed 21248K, reserved 1071104K
  class space    used 2698K, capacity 2948K, committed 3072K, reserved 1048576K
Event: 3.155 GC heap after
Heap after GC invocations=6 (full 1):
 PSYoungGen      total 46080K, used 5107K [0x00000000d5f00000, 0x00000000d9680000, 0x0000000100000000)
  eden space 40960K, 0% used [0x00000000d5f00000,0x00000000d5f00000,0x00000000d8700000)
  from space 5120K, 99% used [0x00000000d8700000,0x00000000d8bfcea8,0x00000000d8c00000)
  to   space 5120K, 0% used [0x00000000d8c00000,0x00000000d8c00000,0x00000000d9100000)
 ParOldGen       total 61952K, used 3236K [0x0000000081c00000, 0x0000000085880000, 0x00000000d5f00000)
  object space 61952K, 5% used [0x0000000081c00000,0x0000000081f29030,0x0000000085880000)
 Metaspace       used 19814K, capacity 21072K, committed 21248K, reserved 1071104K
  class space    used 2698K, capacity 2948K, committed 3072K, reserved 1048576K
}
Event: 3.155 GC heap before
{Heap before GC invocations=7 (full 2):
 PSYoungGen      total 46080K, used 5107K [0x00000000d5f00000, 0x00000000d9680000, 0x0000000100000000)
  eden space 40960K, 0% used [0x00000000d5f00000,0x00000000d5f00000,0x00000000d8700000)
  from space 5120K, 99% used [0x00000000d8700000,0x00000000d8bfcea8,0x00000000d8c00000)
  to   space 5120K, 0% used [0x00000000d8c00000,0x00000000d8c00000,0x00000000d9100000)
 ParOldGen       total 61952K, used 3236K [0x0000000081c00000, 0x0000000085880000, 0x00000000d5f00000)
  object space 61952K, 5% used [0x0000000081c00000,0x0000000081f29030,0x0000000085880000)
 Metaspace       used 19814K, capacity 21072K, committed 21248K, reserved 1071104K
  class space    used 2698K, capacity 2948K, committed 3072K, reserved 1048576K
Event: 3.176 GC heap after
Heap after GC invocations=7 (full 2):
 PSYoungGen      total 46080K, used 0K [0x00000000d5f00000, 0x00000000d9680000, 0x0000000100000000)
  eden space 40960K, 0% used [0x00000000d5f00000,0x00000000d5f00000,0x00000000d8700000)
  from space 5120K, 0% used [0x00000000d8700000,0x00000000d8700000,0x00000000d8c00000)
  to   space 5120K, 0% used [0x00000000d8c00000,0x00000000d8c00000,0x00000000d9100000)
 ParOldGen       total 61952K, used 6848K [0x0000000081c00000, 0x0000000085880000, 0x00000000d5f00000)
  object space 61952K, 11% used [0x0000000081c00000,0x00000000822b0050,0x0000000085880000)
 Metaspace       used 19814K, capacity 21072K, committed 21248K, reserved 1071104K
  class space    used 2698K, capacity 2948K, committed 3072K, reserved 1048576K
}
Event: 3.361 GC heap before
{Heap before GC invocations=8 (full 2):
 PSYoungGen      total 46080K, used 40947K [0x00000000d5f00000, 0x00000000d9680000, 0x0000000100000000)
  eden space 40960K, 99% used [0x00000000d5f00000,0x00000000d86fcd30,0x00000000d8700000)
  from space 5120K, 0% used [0x00000000d8700000,0x00000000d8700000,0x00000000d8c00000)
  to   space 5120K, 0% used [0x00000000d8c00000,0x00000000d8c00000,0x00000000d9100000)
 ParOldGen       total 61952K, used 6848K [0x0000000081c00000, 0x0000000085880000, 0x00000000d5f00000)
  object space 61952K, 11% used [0x0000000081c00000,0x00000000822b0050,0x0000000085880000)
 Metaspace       used 22114K, capacity 23506K, committed 23808K, reserved 1073152K
  class space    used 2966K, capacity 3265K, committed 3328K, reserved 1048576K
Event: 3.364 GC heap after
Heap after GC invocations=8 (full 2):
 PSYoungGen      total 46080K, used 3016K [0x00000000d5f00000, 0x00000000d9680000, 0x0000000100000000)
  eden space 40960K, 0% used [0x00000000d5f00000,0x00000000d5f00000,0x00000000d8700000)
  from space 5120K, 58% used [0x00000000d8c00000,0x00000000d8ef2068,0x00000000d9100000)
  to   space 5120K, 0% used [0x00000000d8700000,0x00000000d8700000,0x00000000d8c00000)
 ParOldGen       total 61952K, used 6848K [0x0000000081c00000, 0x0000000085880000, 0x00000000d5f00000)
  object space 61952K, 11% used [0x0000000081c00000,0x00000000822b0050,0x0000000085880000)
 Metaspace       used 22114K, capacity 23506K, committed 23808K, reserved 1073152K
  class space    used 2966K, capacity 3265K, committed 3328K, reserved 1048576K
}

Deoptimization events (10 events):
Event: 2.408 Thread 0x0000000002cf2800 Uncommon trap: reason=range_check action=make_not_entrant pc=0x00000000030ad6a0 method=sun.reflect.generics.parser.SignatureParser.current()C @ 34
Event: 2.679 Thread 0x0000000002cf2800 Uncommon trap: reason=unstable_if action=reinterpret pc=0x00000000031b1c08 method=java.util.HashMap.putVal(ILjava/lang/Object;Ljava/lang/Object;ZZ)Ljava/lang/Object; @ 236
Event: 2.746 Thread 0x0000000002cf2800 Uncommon trap: reason=unstable_if action=reinterpret pc=0x0000000003253c24 method=java.util.concurrent.ConcurrentHashMap.putVal(Ljava/lang/Object;Ljava/lang/Object;Z)Ljava/lang/Object; @ 113
Event: 2.892 Thread 0x0000000002cf2800 Uncommon trap: reason=unstable_if action=reinterpret pc=0x0000000003248b14 method=java.net.URL.<init>(Ljava/net/URL;Ljava/lang/String;Ljava/net/URLStreamHandler;)V @ 347
Event: 2.999 Thread 0x0000000002cf2800 Uncommon trap: reason=unstable_if action=reinterpret pc=0x00000000030a457c method=java.util.HashMap.hash(Ljava/lang/Object;)I @ 1
Event: 3.116 Thread 0x000000001d1de800 Uncommon trap: reason=bimorphic action=maybe_recompile pc=0x00000000032fbff4 method=java.util.HashMap.putVal(ILjava/lang/Object;Ljava/lang/Object;ZZ)Ljava/lang/Object; @ 203
Event: 3.117 Thread 0x0000000002cf2800 Uncommon trap: reason=unstable_if action=reinterpret pc=0x00000000031eca64 method=jdk.internal.org.objectweb.asm.Item.isEqualTo(Ljdk/internal/org/objectweb/asm/Item;)Z @ 331
Event: 3.118 Thread 0x000000001d1de800 Uncommon trap: reason=bimorphic action=maybe_recompile pc=0x00000000032fbff4 method=java.util.HashMap.putVal(ILjava/lang/Object;Ljava/lang/Object;ZZ)Ljava/lang/Object; @ 203
Event: 3.179 Thread 0x000000001d1de800 Uncommon trap: reason=bimorphic action=maybe_recompile pc=0x00000000032fbff4 method=java.util.HashMap.putVal(ILjava/lang/Object;Ljava/lang/Object;ZZ)Ljava/lang/Object; @ 203
Event: 3.501 Thread 0x0000000002cf2800 Uncommon trap: reason=bimorphic action=maybe_recompile pc=0x00000000032fbff4 method=java.util.HashMap.putVal(ILjava/lang/Object;Ljava/lang/Object;ZZ)Ljava/lang/Object; @ 203

Classes redefined (0 events):
No events

Internal exceptions (10 events):
Event: 3.206 Thread 0x0000000002cf2800 Exception <a 'java/lang/ClassNotFoundException': org/springframework/core/OrderedCustomizer> (0x00000000d653f7e8) thrown at [C:\re\workspace\8-2-build-windows-amd64-cygwin\jdk8u221\13320\hotspot\src\share\vm\classfile\systemDictionary.cpp, line 210]
Event: 3.206 Thread 0x0000000002cf2800 Exception <a 'java/lang/ClassNotFoundException': org/springframework/context/ResourceLoaderAwareCustomizer> (0x00000000d655bd50) thrown at [C:\re\workspace\8-2-build-windows-amd64-cygwin\jdk8u221\13320\hotspot\src\share\vm\classfile\systemDictionary.cpp, 
Event: 3.207 Thread 0x0000000002cf2800 Exception <a 'java/lang/ClassNotFoundException': org/springframework/beans/factory/AwareCustomizer> (0x00000000d6575eb8) thrown at [C:\re\workspace\8-2-build-windows-amd64-cygwin\jdk8u221\13320\hotspot\src\share\vm\classfile\systemDictionary.cpp, line 210
Event: 3.207 Thread 0x0000000002cf2800 Exception <a 'java/lang/ClassNotFoundException': org/springframework/beans/factory/BeanClassLoaderAwareCustomizer> (0x00000000d6593ec8) thrown at [C:\re\workspace\8-2-build-windows-amd64-cygwin\jdk8u221\13320\hotspot\src\share\vm\classfile\systemDictionar
Event: 3.208 Thread 0x0000000002cf2800 Exception <a 'java/lang/ClassNotFoundException': org/springframework/beans/factory/AwareCustomizer> (0x00000000d65ae0c0) thrown at [C:\re\workspace\8-2-build-windows-amd64-cygwin\jdk8u221\13320\hotspot\src\share\vm\classfile\systemDictionary.cpp, line 210
Event: 3.208 Thread 0x0000000002cf2800 Exception <a 'java/lang/ClassNotFoundException': org/springframework/context/EnvironmentAwareCustomizer> (0x00000000d65c8a88) thrown at [C:\re\workspace\8-2-build-windows-amd64-cygwin\jdk8u221\13320\hotspot\src\share\vm\classfile\systemDictionary.cpp, lin
Event: 3.209 Thread 0x0000000002cf2800 Exception <a 'java/lang/ClassNotFoundException': org/springframework/beans/factory/AwareCustomizer> (0x00000000d65e2b60) thrown at [C:\re\workspace\8-2-build-windows-amd64-cygwin\jdk8u221\13320\hotspot\src\share\vm\classfile\systemDictionary.cpp, line 210
Event: 3.429 Thread 0x0000000002cf2800 Exception <a 'java/lang/IncompatibleClassChangeError': Found class java.lang.Object, but interface was expected> (0x00000000d7a7f420) thrown at [C:\re\workspace\8-2-build-windows-amd64-cygwin\jdk8u221\13320\hotspot\src\share\vm\interpreter\linkResolver.cp
Event: 3.475 Thread 0x0000000002cf2800 Exception <a 'java/lang/NoSuchMethodError': java.lang.Object.lambda$getAllAnnotationAttributes$0(Lorg/springframework/util/MultiValueMap;)Lorg/springframework/util/MultiValueMap;> (0x00000000d7d9b930) thrown at [C:\re\workspace\8-2-build-windows-amd64-cyg
Event: 3.475 Thread 0x0000000002cf2800 Exception <a 'java/lang/NoSuchMethodError': java.lang.Object.lambda$identity$2(Ljava/lang/Object;)Ljava/lang/Object;> (0x00000000d7d9f3b0) thrown at [C:\re\workspace\8-2-build-windows-amd64-cygwin\jdk8u221\13320\hotspot\src\share\vm\interpreter\linkResolv

Events (10 events):
Event: 3.514 loading class com/fasterxml/jackson/databind/deser/std/StdKeyDeserializer$DelegatingKD
Event: 3.514 loading class com/fasterxml/jackson/databind/deser/std/StdKeyDeserializer$DelegatingKD done
Event: 3.514 loading class com/fasterxml/jackson/databind/deser/DeserializerCache
Event: 3.514 loading class com/fasterxml/jackson/databind/deser/DeserializerCache done
Event: 3.516 loading class com/fasterxml/jackson/databind/deser/std/StdDelegatingDeserializer
Event: 3.516 loading class com/fasterxml/jackson/databind/deser/std/StdDelegatingDeserializer done
Event: 3.517 loading class com/fasterxml/jackson/databind/ser/std/JsonValueSerializer
Event: 3.517 loading class com/fasterxml/jackson/databind/ser/std/JsonValueSerializer done
Event: 3.517 loading class org/springframework/boot/autoconfigure/web/servlet/DispatcherServletAutoConfiguration$DispatcherServletRegistrationCondition
Event: 3.517 loading class org/springframework/boot/autoconfigure/web/servlet/DispatcherServletAutoConfiguration$DispatcherServletRegistrationCondition done


Dynamic libraries:
0x00007ff72a330000 - 0x00007ff72a367000 	C:\Program Files\Java\jdk1.8.0_221\jre\bin\java.exe
0x00007ffca7fe0000 - 0x00007ffca81d0000 	C:\WINDOWS\SYSTEM32\ntdll.dll
0x00007ffca63d0000 - 0x00007ffca6482000 	C:\WINDOWS\System32\KERNEL32.DLL
0x00007ffca5100000 - 0x00007ffca53a3000 	C:\WINDOWS\System32\KERNELBASE.dll
0x00007ffca7290000 - 0x00007ffca7333000 	C:\WINDOWS\System32\ADVAPI32.dll
0x00007ffca7f00000 - 0x00007ffca7f9e000 	C:\WINDOWS\System32\msvcrt.dll
0x00007ffca6c70000 - 0x00007ffca6d07000 	C:\WINDOWS\System32\sechost.dll
0x00007ffca6a10000 - 0x00007ffca6b30000 	C:\WINDOWS\System32\RPCRT4.dll
0x00007ffca7400000 - 0x00007ffca7594000 	C:\WINDOWS\System32\USER32.dll
0x00007ffca5070000 - 0x00007ffca5091000 	C:\WINDOWS\System32\win32u.dll
0x00007ffca7ed0000 - 0x00007ffca7ef6000 	C:\WINDOWS\System32\GDI32.dll
0x00007ffca5df0000 - 0x00007ffca5f84000 	C:\WINDOWS\System32\gdi32full.dll
0x00007ffca5500000 - 0x00007ffca559e000 	C:\WINDOWS\System32\msvcp_win.dll
0x00007ffca4f70000 - 0x00007ffca506a000 	C:\WINDOWS\System32\ucrtbase.dll
0x00007ffc9a9c0000 - 0x00007ffc9ac45000 	C:\WINDOWS\WinSxS\amd64_microsoft.windows.common-controls_6595b64144ccf1df_6.0.18362.720_none_e6beb5c51314836b\COMCTL32.dll
0x00007ffca6090000 - 0x00007ffca63c6000 	C:\WINDOWS\System32\combase.dll
0x00007ffca55a0000 - 0x00007ffca5620000 	C:\WINDOWS\System32\bcryptPrimitives.dll
0x00007ffca7c90000 - 0x00007ffca7cbe000 	C:\WINDOWS\System32\IMM32.DLL
0x0000000050070000 - 0x0000000050142000 	C:\Program Files\Java\jdk1.8.0_221\jre\bin\msvcr100.dll
0x00000000753f0000 - 0x0000000075c95000 	C:\Program Files\Java\jdk1.8.0_221\jre\bin\server\jvm.dll
0x00007ffca73f0000 - 0x00007ffca73f8000 	C:\WINDOWS\System32\PSAPI.DLL
0x00007ffc91d10000 - 0x00007ffc91d19000 	C:\WINDOWS\SYSTEM32\WSOCK32.dll
0x00007ffc9f530000 - 0x00007ffc9f53a000 	C:\WINDOWS\SYSTEM32\VERSION.dll
0x00007ffca2210000 - 0x00007ffca2234000 	C:\WINDOWS\SYSTEM32\WINMM.dll
0x00007ffca6c00000 - 0x00007ffca6c6f000 	C:\WINDOWS\System32\WS2_32.dll
0x00007ffca21a0000 - 0x00007ffca21cd000 	C:\WINDOWS\SYSTEM32\winmmbase.dll
0x00007ffca5f90000 - 0x00007ffca5fda000 	C:\WINDOWS\System32\cfgmgr32.dll
0x00007ffc9e3a0000 - 0x00007ffc9e3af000 	C:\Program Files\Java\jdk1.8.0_221\jre\bin\verify.dll
0x00007ffc82050000 - 0x00007ffc82079000 	C:\Program Files\Java\jdk1.8.0_221\jre\bin\java.dll
0x00007ffc85a60000 - 0x00007ffc85a76000 	C:\Program Files\Java\jdk1.8.0_221\jre\bin\zip.dll
0x00007ffca75a0000 - 0x00007ffca7c85000 	C:\WINDOWS\System32\SHELL32.dll
0x00007ffca7340000 - 0x00007ffca73e9000 	C:\WINDOWS\System32\shcore.dll
0x00007ffca5640000 - 0x00007ffca5dc0000 	C:\WINDOWS\System32\windows.storage.dll
0x00007ffca4f40000 - 0x00007ffca4f63000 	C:\WINDOWS\System32\profapi.dll
0x00007ffca4ed0000 - 0x00007ffca4f1a000 	C:\WINDOWS\System32\powrprof.dll
0x00007ffca4ea0000 - 0x00007ffca4eb0000 	C:\WINDOWS\System32\UMPDC.dll
0x00007ffca66a0000 - 0x00007ffca66f2000 	C:\WINDOWS\System32\shlwapi.dll
0x00007ffca4eb0000 - 0x00007ffca4ec1000 	C:\WINDOWS\System32\kernel.appcore.dll
0x00007ffca5620000 - 0x00007ffca5637000 	C:\WINDOWS\System32\cryptsp.dll
0x00007ffc9afc0000 - 0x00007ffc9afcd000 	C:\Program Files\Java\jdk1.8.0_221\jre\bin\management.dll
0x00007ffc81920000 - 0x00007ffc8193a000 	C:\Program Files\Java\jdk1.8.0_221\jre\bin\net.dll
0x00007ffc93330000 - 0x00007ffc93505000 	C:\WINDOWS\SYSTEM32\urlmon.dll
0x00007ffc96930000 - 0x00007ffc96bd6000 	C:\WINDOWS\SYSTEM32\iertutil.dll
0x00007ffca4880000 - 0x00007ffca488c000 	C:\WINDOWS\SYSTEM32\CRYPTBASE.DLL
0x00007ffca46b0000 - 0x00007ffca4717000 	C:\WINDOWS\system32\mswsock.dll
0x00007ffc81900000 - 0x00007ffc81912000 	C:\Program Files\Java\jdk1.8.0_221\jre\bin\nio.dll
0x00007ffc8dd50000 - 0x00007ffc8dd66000 	C:\WINDOWS\system32\napinsp.dll
0x00007ffc8dd30000 - 0x00007ffc8dd4a000 	C:\WINDOWS\system32\pnrpnsp.dll
0x00007ffca4400000 - 0x00007ffca44ca000 	C:\WINDOWS\SYSTEM32\DNSAPI.dll
0x00007ffca6e10000 - 0x00007ffca6e18000 	C:\WINDOWS\System32\NSI.dll
0x00007ffca43c0000 - 0x00007ffca43fa000 	C:\WINDOWS\SYSTEM32\IPHLPAPI.DLL
0x00007ffc8dd20000 - 0x00007ffc8dd2e000 	C:\WINDOWS\System32\winrnr.dll
0x00007ffc9dab0000 - 0x00007ffc9dacc000 	C:\WINDOWS\system32\NLAapi.dll
0x00007ffc9e3d0000 - 0x00007ffc9e3e5000 	C:\WINDOWS\system32\wshbth.dll
0x00007ffc9a980000 - 0x00007ffc9a98a000 	C:\Windows\System32\rasadhlp.dll
0x00007ffc9b450000 - 0x00007ffc9b4c7000 	C:\WINDOWS\System32\fwpuclnt.dll
0x00007ffca5dc0000 - 0x00007ffca5de6000 	C:\WINDOWS\System32\bcrypt.dll

VM Arguments:
java_command: C:\Users\Usuario\AppData\Local\Temp\surefire6584532697277641892\surefirebooter5100016677417709068.jar C:\Users\Usuario\AppData\Local\Temp\surefire6584532697277641892 2020-03-14T11-53-10_205-jvmRun1 surefire2664203124018147500tmp surefire_0345851963961040222tmp
java_class_path (initial): C:\Users\Usuario\AppData\Local\Temp\surefire6584532697277641892\surefirebooter5100016677417709068.jar
Launcher Type: SUN_STANDARD

Environment Variables:
PATH=C:/Program Files/Java/jre1.8.0_221/bin/server;C:/Program Files/Java/jre1.8.0_221/bin;C:/Program Files/Java/jre1.8.0_221/lib/amd64;C:\oraclexe;C:\oraclexe\app\oracle\product\11.2.0\server\bin;C:\Program Files (x86)\Common Files\Oracle\Java\javapath;C:\Program Files (x86)\Intel\iCLS Client\;C:\Program Files\Intel\iCLS Client\;C:\Windows\system32;C:\Windows;C:\Windows\System32\Wbem;C:\Windows\System32\WindowsPowerShell\v1.0\;C:\Windows\System32\OpenSSH\;C:\Program Files (x86)\Intel\Intel(R) Management Engine Components\DAL;C:\Program Files\Intel\Intel(R) Management Engine Components\DAL;C:\Program Files (x86)\Intel\Intel(R) Management Engine Components\IPT;C:\Program Files\Intel\Intel(R) Management Engine Components\IPT;C:\Program Files\Git\cmd;C:\Program Files\MySQL\MySQL Server 8.0\bin;;C:\Program Files\TortoiseHg\;C:\WINDOWS\system32;C:\WINDOWS;C:\WINDOWS\System32\Wbem;C:\WINDOWS\System32\WindowsPowerShell\v1.0\;C:\WINDOWS\System32\OpenSSH\;C:\Program Files (x86)\NVIDIA Corporation\PhysX\Common;C:\Program Files\NVIDIA Corporation\NVIDIA NvDLISR;C:\Program Files\dotnet\;C:\Program Files\Microsoft SQL Server\130\Tools\Binn\;C:\Program Files\Microsoft SQL Server\Client SDK\ODBC\170\Tools\Binn\;C:\Ruby25-x64\bin;C:\Users\Usuario\AppData\Local\Microsoft\WindowsApps;C:\Program Files\MySQL\MySQL Server 8.0\bin;;C:\Users\Usuario\AppData\Local\Programs\Microsoft VS Code\bin;D:\Instaladores\eclipse-jee-2019-09-R-win32-x86_64\eclipse;
USERNAME=Usuario
OS=Windows_NT
PROCESSOR_IDENTIFIER=Intel64 Family 6 Model 142 Stepping 10, GenuineIntel



---------------  S Y S T E M  ---------------

OS: Windows 10.0 , 64 bit Build 18362 (10.0.18362.329)

CPU:total 8 (initial active 8) (4 cores per cpu, 2 threads per core) family 6 model 142 stepping 10, cmov, cx8, fxsr, mmx, sse, sse2, sse3, ssse3, sse4.1, sse4.2, popcnt, avx, avx2, aes, clmul, erms, 3dnowpref, lzcnt, ht, tsc, tscinvbit, bmi1, bmi2, adx

Memory: 4k page, physical 8268700k(656296k free), swap 12364700k(5612k free)

vm_info: Java HotSpot(TM) 64-Bit Server VM (25.221-b11) for windows-amd64 JRE (1.8.0_221-b11), built on Jul  4 2019 04:39:29 by "java_re" with MS VC++ 10.0 (VS2010)

time: Sat Mar 14 11:53:17 2020
timezone: Hora est. Pacífico, Sudamérica
elapsed time: 3 seconds (0d 0h 0m 3s)

